<?xml version="1.0" encoding="UTF-8"?>
<!-- Generated by org.testng.reporters.JUnitXMLReporter -->
<testsuite hostname="admin" name="Test" tests="8" failures="0" timestamp="5 Apr 2020 08:58:29 GMT" time="10.662" errors="0">
  <testcase name="@BeforeTest openBrowser" time="0.0" classname="keywordFramework.TestClass">
    <failure type="org.openqa.selenium.NoSuchWindowException" message="no such window: target window already closed
from unknown error: web view not found
  (Session info: chrome=80.0.3987.149)
Build info: version: &amp;apos;3.141.59&amp;apos;, revision: &amp;apos;e82be7d358&amp;apos;, time: &amp;apos;2018-11-14T08:17:03&amp;apos;
System info: host: &amp;apos;ADMIN&amp;apos;, ip: &amp;apos;192.168.0.4&amp;apos;, os.name: &amp;apos;Windows 8.1&amp;apos;, os.arch: &amp;apos;amd64&amp;apos;, os.version: &amp;apos;6.3&amp;apos;, java.version: &amp;apos;1.8.0_221&amp;apos;
Driver info: org.openqa.selenium.chrome.ChromeDriver
Capabilities {acceptInsecureCerts: false, browserName: chrome, browserVersion: 80.0.3987.149, chrome: {chromedriverVersion: 80.0.3987.106 (f68069574609..., userDataDir: C:\Users\DeepakS\AppData\Lo...}, goog:chromeOptions: {debuggerAddress: localhost:64071}, javascriptEnabled: true, networkConnectionEnabled: false, pageLoadStrategy: normal, platform: WINDOWS, platformName: WINDOWS, proxy: Proxy(), setWindowRect: true, strictFileInteractability: false, timeouts: {implicit: 0, pageLoad: 300000, script: 30000}, unhandledPromptBehavior: dismiss and notify}
Session ID: 106dcd41ac9bf1a37b1888f773743782">
      <![CDATA[org.openqa.selenium.NoSuchWindowException: no such window: target window already closed
from unknown error: web view not found
  (Session info: chrome=80.0.3987.149)
Build info: version: '3.141.59', revision: 'e82be7d358', time: '2018-11-14T08:17:03'
System info: host: 'ADMIN', ip: '192.168.0.4', os.name: 'Windows 8.1', os.arch: 'amd64', os.version: '6.3', java.version: '1.8.0_221'
Driver info: org.openqa.selenium.chrome.ChromeDriver
Capabilities {acceptInsecureCerts: false, browserName: chrome, browserVersion: 80.0.3987.149, chrome: {chromedriverVersion: 80.0.3987.106 (f68069574609..., userDataDir: C:\Users\DeepakS\AppData\Lo...}, goog:chromeOptions: {debuggerAddress: localhost:64071}, javascriptEnabled: true, networkConnectionEnabled: false, pageLoadStrategy: normal, platform: WINDOWS, platformName: WINDOWS, proxy: Proxy(), setWindowRect: true, strictFileInteractability: false, timeouts: {implicit: 0, pageLoad: 300000, script: 30000}, unhandledPromptBehavior: dismiss and notify}
Session ID: 106dcd41ac9bf1a37b1888f773743782
	at org.openqa.selenium.remote.http.W3CHttpResponseCodec.createException(W3CHttpResponseCodec.java:187)
	at org.openqa.selenium.remote.http.W3CHttpResponseCodec.decode(W3CHttpResponseCodec.java:122)
	at org.openqa.selenium.remote.http.W3CHttpResponseCodec.decode(W3CHttpResponseCodec.java:49)
	at org.openqa.selenium.remote.HttpCommandExecutor.execute(HttpCommandExecutor.java:158)
	at org.openqa.selenium.remote.service.DriverCommandExecutor.execute(DriverCommandExecutor.java:83)
	at org.openqa.selenium.remote.RemoteWebDriver.execute(RemoteWebDriver.java:552)
	at org.openqa.selenium.remote.RemoteWebDriver.execute(RemoteWebDriver.java:609)
	at org.openqa.selenium.remote.RemoteWebDriver$RemoteWebDriverOptions$RemoteWindow.maximize(RemoteWebDriver.java:837)
	at keywordFramework.Keyword.getURL(Keyword.java:52)
	at keywordFramework.TestClass.openBrowser(TestClass.java:23)
... Removed 26 stack frames]]>
    </failure>
  </testcase> <!-- @BeforeTest openBrowser -->
  <testcase name="@AfterTest closeBrowser" time="0.0" classname="keywordFramework.TestClass">
    <skipped/>
  </testcase> <!-- @AfterTest closeBrowser -->
  <testcase name="Test1" time="0.024" classname="keywordFramework.TestClass">
    <skipped/>
  </testcase> <!-- Test1 -->
  <testcase name="Test2" time="0.002" classname="keywordFramework.TestClass">
    <skipped/>
  </testcase> <!-- Test2 -->
  <testcase name="Test3" time="0.004" classname="keywordFramework.TestClass">
    <skipped/>
  </testcase> <!-- Test3 -->
  <testcase name="Test4" time="0.002" classname="keywordFramework.TestClass">
    <skipped/>
  </testcase> <!-- Test4 -->
  <testcase name="Test5" time="0.001" classname="keywordFramework.TestClass">
    <skipped/>
  </testcase> <!-- Test5 -->
  <testcase name="Test6" time="0.002" classname="keywordFramework.TestClass">
    <skipped/>
  </testcase> <!-- Test6 -->
  <testcase name="Test7" time="0.003" classname="keywordFramework.TestClass">
    <skipped/>
  </testcase> <!-- Test7 -->
  <testcase name="Test8" time="0.003" classname="keywordFramework.TestClass">
    <skipped/>
  </testcase> <!-- Test8 -->
</testsuite> <!-- Test -->
