<?xml version="1.0" encoding="UTF-8"?>
<!-- Generated by org.testng.reporters.JUnitXMLReporter -->
<testsuite hostname="admin" name="Test" tests="4" failures="0" timestamp="3 Apr 2020 19:12:14 GMT" time="15.383" errors="0">
  <testcase name="Test1" time="1.544" classname="keywordFramework.TestClass"/>
  <testcase name="Test2" time="2.036" classname="keywordFramework.TestClass"/>
  <testcase name="Test3" time="1.199" classname="keywordFramework.TestClass"/>
  <testcase name="Test4" time="1.541" classname="keywordFramework.TestClass"/>
</testsuite> <!-- Test -->
