<?xml version="1.0" encoding="UTF-8"?>
<testng-results skipped="0" failed="0" total="4" passed="4">
  <reporter-output>
  </reporter-output>
  <suite name="Suite" duration-ms="15383" started-at="2020-04-03T19:11:58Z" finished-at="2020-04-03T19:12:13Z">
    <groups>
    </groups>
    <test name="Test" duration-ms="15383" started-at="2020-04-03T19:11:58Z" finished-at="2020-04-03T19:12:13Z">
      <class name="keywordFramework.TestClass">
        <test-method status="PASS" signature="openBrowser()[pri:0, instance:keywordFramework.TestClass@62ee68d8]" name="openBrowser" is-config="true" duration-ms="7717" started-at="2020-04-03T12:11:58Z" finished-at="2020-04-03T12:12:06Z">
          <reporter-output>
          </reporter-output>
        </test-method> <!-- openBrowser -->
        <test-method status="PASS" signature="Test1()[pri:0, instance:keywordFramework.TestClass@62ee68d8]" name="Test1" duration-ms="1544" started-at="2020-04-03T12:12:06Z" finished-at="2020-04-03T12:12:07Z">
          <reporter-output>
          </reporter-output>
        </test-method> <!-- Test1 -->
        <test-method status="PASS" signature="Test2()[pri:0, instance:keywordFramework.TestClass@62ee68d8]" name="Test2" duration-ms="2036" started-at="2020-04-03T12:12:07Z" finished-at="2020-04-03T12:12:09Z">
          <reporter-output>
          </reporter-output>
        </test-method> <!-- Test2 -->
        <test-method status="PASS" signature="Test3()[pri:0, instance:keywordFramework.TestClass@62ee68d8]" name="Test3" duration-ms="1199" started-at="2020-04-03T12:12:09Z" finished-at="2020-04-03T12:12:11Z">
          <reporter-output>
          </reporter-output>
        </test-method> <!-- Test3 -->
        <test-method status="PASS" signature="Test4()[pri:0, instance:keywordFramework.TestClass@62ee68d8]" name="Test4" duration-ms="1541" started-at="2020-04-03T12:12:11Z" finished-at="2020-04-03T12:12:12Z">
          <reporter-output>
          </reporter-output>
        </test-method> <!-- Test4 -->
        <test-method status="PASS" signature="closeBrowser()[pri:0, instance:keywordFramework.TestClass@62ee68d8]" name="closeBrowser" is-config="true" duration-ms="1310" started-at="2020-04-03T12:12:12Z" finished-at="2020-04-03T12:12:13Z">
          <reporter-output>
          </reporter-output>
        </test-method> <!-- closeBrowser -->
      </class> <!-- keywordFramework.TestClass -->
    </test> <!-- Test -->
  </suite> <!-- Suite -->
</testng-results>
